<?xml version="1.0" encoding="UTF-8"?>
<!-- Generated by org.testng.reporters.JUnitReportReporter -->
<testsuite hostname="DESKTOP-FPPF7NQ" failures="0" tests="5" name="test.day1" time="0.044" errors="0" timestamp="2021-07-06T15:43:12 IST" skipped="0">
  <testcase classname="test.day1" name="demo" time="0.004"/>
  <system-out/>
  <testcase classname="test.day1" name="dist" time="0.020"/>
  <system-out/>
  <testcase classname="test.day1" name="after" time="0.012"/>
  <system-out/>
  <testcase classname="test.day1" name="demo2" time="0.005"/>
  <system-out/>
  <testcase classname="test.day1" name="demo1" time="0.003"/>
  <system-out/>
</testsuite> <!-- test.day1 -->
