<?xml version="1.0" encoding="UTF-8"?>
<!-- Generated by org.testng.reporters.JUnitReportReporter -->
<testsuite hostname="DESKTOP-FPPF7NQ" failures="0" tests="2" name="POM.loginpage" time="2.971" errors="0" timestamp="2021-07-08T18:49:56 IST" skipped="0">
  <testcase classname="POM.loginpage" name="login" time="1.757"/>
  <system-out/>
  <testcase classname="POM.loginpage" name="login" time="1.214"/>
  <system-out/>
</testsuite> <!-- POM.loginpage -->
