<?xml version="1.0" encoding="UTF-8"?>
<!-- Generated by org.testng.reporters.JUnitReportReporter -->
<testsuite hostname="DESKTOP-FPPF7NQ" failures="0" tests="3" name="itsme.demo" time="0.006" errors="0" timestamp="2021-07-07T09:27:10 IST" skipped="0">
  <testcase classname="itsme.demo" name="method1" time="0.002"/>
  <system-out/>
  <testcase classname="itsme.demo" name="method" time="0.002"/>
  <system-out/>
  <testcase classname="itsme.demo" name="method2" time="0.002"/>
  <system-out/>
</testsuite> <!-- itsme.demo -->
