<?xml version="1.0" encoding="UTF-8"?>
<!-- Generated by org.testng.reporters.JUnitReportReporter -->
<testsuite hostname="DESKTOP-FPPF7NQ" failures="0" tests="1" name="Assert.assert_1" time="10.979" errors="0" timestamp="2021-07-07T11:01:07 IST" skipped="0">
  <testcase classname="Assert.assert_1" name="demo1" time="10.979"/>
  <system-out/>
</testsuite> <!-- Assert.assert_1 -->
